<?xml version="1.0" encoding="UTF-8"?>
<testng-results ignored="0" total="1" passed="1" failed="0" skipped="0">
  <reporter-output>
  </reporter-output>
  <suite started-at="2025-12-17T08:23:16 IST" name="Suite" finished-at="2025-12-17T08:23:17 IST" duration-ms="108">
    <groups>
      <group name="regression">
        <method signature="PracTest.BikeTest()[pri:0, instance:Demo.PracTest@6cf0e0ba]" name="BikeTest" class="Demo.PracTest"/>
      </group> <!-- regression -->
    </groups>
    <test started-at="2025-12-17T08:23:16 IST" name="Test" finished-at="2025-12-17T08:23:17 IST" duration-ms="108">
      <class name="Demo.PracTest">
        <test-method signature="BikeTest()[pri:0, instance:Demo.PracTest@6cf0e0ba]" started-at="2025-12-17T08:23:16 IST" name="BikeTest" finished-at="2025-12-17T08:23:17 IST" duration-ms="16" status="PASS">
          <reporter-output>
          </reporter-output>
        </test-method> <!-- BikeTest -->
      </class> <!-- Demo.PracTest -->
    </test> <!-- Test -->
  </suite> <!-- Suite -->
</testng-results>
